2026-05-04 22:53:55,386  📡 Fetching today's NAV from AMFI...
2026-05-04 22:53:58,366  ✅ Got 8,899 NAVs for 04 May 2026
2026-05-04 22:54:08,411  📁 NAV files updated: 5,161 | Already current: 3,738
2026-05-04 22:54:08,411  
⚙ Recomputing metrics for all funds...
2026-05-04 22:57:16,040  
✅ Daily update complete! — 04 May 2026 10:57 PM
2026-05-07 06:50:09,980  📡 Fetching today's NAV from AMFI...
2026-05-07 06:50:13,048  ✅ Got 9,402 NAVs for 06 May 2026
2026-05-07 06:50:44,289  📁 NAV files updated: 8,484 | Already current: 918
2026-05-07 06:50:44,289  
⚙ Recomputing metrics for all funds...
2026-05-07 06:53:50,481  
✅ Daily update complete! — 07 May 2026 06:53 AM
2026-05-12 19:17:05,503  📡 Fetching today's NAV from AMFI...
2026-05-12 19:17:09,624  ✅ Got 9,414 NAVs for 12 May 2026
2026-05-12 19:17:42,579  📁 NAV files updated: 8,492 | Already current: 922
2026-05-12 19:17:42,579  
⚙ Recomputing metrics for all funds...
2026-05-12 19:21:16,437  
✅ Daily update complete! — 12 May 2026 07:21 PM
2026-05-13 19:19:49,218  📡 Fetching today's NAV from AMFI...
2026-05-13 19:19:52,486  ✅ Got 9,414 NAVs for 13 May 2026
2026-05-13 19:20:23,710  📁 NAV files updated: 8,492 | Already current: 922
2026-05-13 19:20:23,710  
⚙ Recomputing metrics for all funds...
2026-05-13 19:23:24,844  
✅ Daily update complete! — 13 May 2026 07:23 PM
2026-05-15 19:04:48,309  📡 Fetching today's NAV from AMFI...
2026-05-15 19:04:51,294  ✅ Got 9,418 NAVs for 17 May 2026
2026-05-15 19:05:16,845  📁 NAV files updated: 8,482 | Already current: 936
2026-05-15 19:05:16,845  
⚙ Recomputing metrics for all funds...
2026-05-15 19:07:43,432  
✅ Daily update complete! — 15 May 2026 07:07 PM
2026-05-21 19:24:56,702  📡 Fetching today's NAV from AMFI...
2026-05-21 19:25:00,168  ✅ Got 9,421 NAVs for 21 May 2026
2026-05-21 19:25:36,664  📁 NAV files updated: 8,495 | Already current: 926
2026-05-21 19:25:36,664  
⚙ Recomputing metrics for all funds...
2026-05-21 19:29:17,104  
✅ Daily update complete! — 21 May 2026 07:29 PM
2026-05-22 19:11:47,047  📡 Fetching today's NAV from AMFI...
2026-05-22 19:11:49,673  ✅ Got 9,416 NAVs for 24 May 2026
2026-05-22 19:12:22,806  📁 NAV files updated: 8,485 | Already current: 931
2026-05-22 19:12:22,806  
⚙ Recomputing metrics for all funds...
2026-05-22 19:15:33,996  
✅ Daily update complete! — 22 May 2026 07:15 PM
2026-05-25 18:59:02,613  📡 Fetching today's NAV from AMFI...
2026-05-25 18:59:05,640  ✅ Got 9,419 NAVs for 25 May 2026
2026-05-25 18:59:36,561  📁 NAV files updated: 8,326 | Already current: 1,093
2026-05-25 18:59:36,561  
⚙ Recomputing metrics for all funds...
2026-05-25 19:02:56,699  
✅ Daily update complete! — 25 May 2026 07:02 PM
2026-05-27 19:36:46,075  📡 Fetching today's NAV from AMFI...
2026-05-27 19:36:49,295  ✅ Got 9,423 NAVs for 28 May 2026
2026-05-27 19:37:24,351  📁 NAV files updated: 8,492 | Already current: 931
2026-05-27 19:37:24,352  
⚙ Recomputing metrics for all funds...
2026-05-27 19:40:39,326  
✅ Daily update complete! — 27 May 2026 07:40 PM
2026-05-29 19:52:18,579  📡 Fetching today's NAV from AMFI...
2026-05-29 19:52:21,667  ✅ Got 9,425 NAVs for 30 May 2026
2026-05-29 19:52:52,647  📁 NAV files updated: 8,492 | Already current: 933
2026-05-29 19:52:52,647  
⚙ Recomputing metrics for all funds...
2026-05-29 19:55:51,954  
✅ Daily update complete! — 29 May 2026 07:55 PM
2026-06-01 21:10:57,293  📡 Fetching today's NAV from AMFI...
2026-06-01 21:11:00,461  ✅ Got 13,980 NAVs for 01 Jun 2026
2026-06-01 21:11:37,349  📁 NAV files updated: 11,411 | Already current: 2,569
2026-06-01 21:11:37,349  
⚙ Recomputing metrics for all funds...
2026-06-01 21:14:42,839  
✅ Daily update complete! — 01 Jun 2026 09:14 PM
